00000000 OPR 2024-03-14 00:19:51.135 89733 89737 "WARNING: UDP Initial InError total: 3221"
00000001 PRG 2024-03-14 00:19:51.199 89733 89733 "Loading library /opt/HPCCSystems/9.4.28/clienttools/plugins/lib_redis.ecllib"
00000002 PRG 2024-03-14 00:19:51.241 89733 89733 "Loading library /opt/HPCCSystems/9.4.28/clienttools/plugins/java.ecllib"
00000003 PRG 2024-03-14 00:19:51.241 89733 89733 "Loading library /opt/HPCCSystems/9.4.28/clienttools/plugins/sqs.ecllib"
00000004 PRG 2024-03-14 00:19:51.241 89733 89733 "Loading library /opt/HPCCSystems/9.4.28/clienttools/plugins/sqlite3.ecllib"
00000005 PRG 2024-03-14 00:19:51.242 89733 89733 "Loading plugin /opt/HPCCSystems/9.4.28/clienttools/plugins/libtimelib.so[lib_timelib] version = TIMELIB 1.0.0"
00000006 PRG 2024-03-14 00:19:51.242 89733 89733 "Loading library /opt/HPCCSystems/9.4.28/clienttools/plugins/lib_cryptolib.ecllib"
00000007 PRG 2024-03-14 00:19:51.245 89733 89733 "Loading plugin /opt/HPCCSystems/9.4.28/clienttools/plugins/libworkunitservices.so[lib_WORKUNITSERVICES] version = WORKUNITSERVICES 1.0.2"
00000008 PRG 2024-03-14 00:19:51.246 89733 89733 "Loading library /opt/HPCCSystems/9.4.28/clienttools/plugins/lib_thorlib.ecllib"
00000009 PRG 2024-03-14 00:19:51.246 89733 89733 "Loading library /opt/HPCCSystems/9.4.28/clienttools/plugins/lib_word.ecllib"
0000000A PRG 2024-03-14 00:19:51.246 89733 89733 "Loading library /opt/HPCCSystems/9.4.28/clienttools/plugins/javascript.ecllib"
0000000B PRG 2024-03-14 00:19:51.246 89733 89733 "Loading library /opt/HPCCSystems/9.4.28/clienttools/plugins/lib_h3.ecllib"
0000000C PRG 2024-03-14 00:19:51.246 89733 89733 "Loading library /opt/HPCCSystems/9.4.28/clienttools/plugins/kafka.ecllib"
0000000D PRG 2024-03-14 00:19:51.246 89733 89733 "Loading library /opt/HPCCSystems/9.4.28/clienttools/plugins/lib_metaphone.ecllib"
0000000E PRG 2024-03-14 00:19:51.246 89733 89733 "Loading library /opt/HPCCSystems/9.4.28/clienttools/plugins/lib_nlp.ecllib"
0000000F PRG 2024-03-14 00:19:51.246 89733 89733 "Loading library /opt/HPCCSystems/9.4.28/clienttools/plugins/R.ecllib"
00000010 PRG 2024-03-14 00:19:51.247 89733 89733 "Loading plugin /opt/HPCCSystems/9.4.28/clienttools/plugins/libauditlib.so[lib_auditlib] version = AUDITLIB 1.0.1"
00000011 PRG 2024-03-14 00:19:51.248 89733 89733 "Loading plugin /opt/HPCCSystems/9.4.28/clienttools/plugins/liblogging.so[lib_logging] version = LOGGING 1.0.2"
00000012 PRG 2024-03-14 00:19:51.248 89733 89733 "Loading library /opt/HPCCSystems/9.4.28/clienttools/plugins/lib_memcached.ecllib"
00000013 PRG 2024-03-14 00:19:51.248 89733 89733 "Loading library /opt/HPCCSystems/9.4.28/clienttools/plugins/lib_metaphone3.ecllib"
00000014 PRG 2024-03-14 00:19:51.250 89733 89733 "Loading plugin /opt/HPCCSystems/9.4.28/clienttools/plugins/libstringlib.so[lib_stringlib] version = STRINGLIB 1.1.14"
00000015 PRG 2024-03-14 00:19:51.250 89733 89733 "Loading library /opt/HPCCSystems/9.4.28/clienttools/plugins/wasm.ecllib"
00000016 PRG 2024-03-14 00:19:51.250 89733 89733 "Loading plugin /opt/HPCCSystems/9.4.28/clienttools/plugins/libdebugservices.so[lib_debugservices] version = DEBUGSERVICES 1.0.1"
00000017 PRG 2024-03-14 00:19:51.251 89733 89733 "Loading plugin /opt/HPCCSystems/9.4.28/clienttools/plugins/libparselib.so[lib_parselib] version = PARSELIB 1.0.1"
00000018 PRG 2024-03-14 00:19:51.251 89733 89733 "Loading library /opt/HPCCSystems/9.4.28/clienttools/plugins/parquet.ecllib"
00000019 PRG 2024-03-14 00:19:51.251 89733 89733 "Loading library /opt/HPCCSystems/9.4.28/clienttools/plugins/python3.ecllib"
0000001A PRG 2024-03-14 00:19:51.251 89733 89733 "Loading library /opt/HPCCSystems/9.4.28/clienttools/plugins/lib_fileservices.ecllib"
0000001B PRG 2024-03-14 00:19:51.251 89733 89733 "Loading library /opt/HPCCSystems/9.4.28/clienttools/plugins/cassandra.ecllib"
0000001C PRG 2024-03-14 00:19:51.251 89733 89733 "Loading library /opt/HPCCSystems/9.4.28/clienttools/plugins/mysql.ecllib"
0000001D PRG 2024-03-14 00:19:51.251 89733 89733 "Loading library /opt/HPCCSystems/9.4.28/clienttools/plugins/couchbase.ecllib"
0000001E PRG 2024-03-14 00:19:51.270 89733 89733 "Loading library /opt/HPCCSystems/9.4.28/clienttools/plugins/mongodb.ecllib"
0000001F PRG 2024-03-14 00:19:51.270 89733 89733 "Loading library /opt/HPCCSystems/9.4.28/clienttools/plugins/lib_saltlib.ecllib"
00000020 PRG 2024-03-14 00:19:51.272 89733 89733 "Loading plugin /opt/HPCCSystems/9.4.28/clienttools/plugins/libunicodelib.so[lib_unicodelib] version = UNICODELIB 1.1.06"
00000021 PRG 2024-03-14 00:19:51.272 89733 89733 "Loading library /opt/HPCCSystems/9.4.28/clienttools/plugins/lib_eclblas.ecllib"
00000022 PRG 2024-03-14 00:19:51.272 89733 89733 "Loading library /opt/HPCCSystems/9.4.28/clienttools/plugins/lib_keylib.ecllib"
